c:\users\colton.desktop-l3d8i91\desktop\ci_cmake_test\sdks\aax_sdk\libs\aaxlibrary\winbuild\vs2017\int\release\aaxlibrary\x64\aax_cautoreleasepool.win.obj
c:\users\colton.desktop-l3d8i91\desktop\ci_cmake_test\sdks\aax_sdk\libs\aaxlibrary\winbuild\vs2017\int\release\aaxlibrary\x64\aax_cchunkdataparser.obj
c:\users\colton.desktop-l3d8i91\desktop\ci_cmake_test\sdks\aax_sdk\libs\aaxlibrary\winbuild\vs2017\int\release\aaxlibrary\x64\aax_ceffectdirectdata.obj
c:\users\colton.desktop-l3d8i91\desktop\ci_cmake_test\sdks\aax_sdk\libs\aaxlibrary\winbuild\vs2017\int\release\aaxlibrary\x64\aax_ceffectgui.obj
c:\users\colton.desktop-l3d8i91\desktop\ci_cmake_test\sdks\aax_sdk\libs\aaxlibrary\winbuild\vs2017\int\release\aaxlibrary\x64\aax_ceffectparameters.obj
c:\users\colton.desktop-l3d8i91\desktop\ci_cmake_test\sdks\aax_sdk\libs\aaxlibrary\winbuild\vs2017\int\release\aaxlibrary\x64\aax_chostprocessor.obj
c:\users\colton.desktop-l3d8i91\desktop\ci_cmake_test\sdks\aax_sdk\libs\aaxlibrary\winbuild\vs2017\int\release\aaxlibrary\x64\aax_chostservices.obj
c:\users\colton.desktop-l3d8i91\desktop\ci_cmake_test\sdks\aax_sdk\libs\aaxlibrary\winbuild\vs2017\int\release\aaxlibrary\x64\aax_cmutex.obj
c:\users\colton.desktop-l3d8i91\desktop\ci_cmake_test\sdks\aax_sdk\libs\aaxlibrary\winbuild\vs2017\int\release\aaxlibrary\x64\aax_commonconversions.obj
c:\users\colton.desktop-l3d8i91\desktop\ci_cmake_test\sdks\aax_sdk\libs\aaxlibrary\winbuild\vs2017\int\release\aaxlibrary\x64\aax_cpacketdispatcher.obj
c:\users\colton.desktop-l3d8i91\desktop\ci_cmake_test\sdks\aax_sdk\libs\aaxlibrary\winbuild\vs2017\int\release\aaxlibrary\x64\aax_cparameter.obj
c:\users\colton.desktop-l3d8i91\desktop\ci_cmake_test\sdks\aax_sdk\libs\aaxlibrary\winbuild\vs2017\int\release\aaxlibrary\x64\aax_cparametermanager.obj
c:\users\colton.desktop-l3d8i91\desktop\ci_cmake_test\sdks\aax_sdk\libs\aaxlibrary\winbuild\vs2017\int\release\aaxlibrary\x64\aax_cstring.obj
c:\users\colton.desktop-l3d8i91\desktop\ci_cmake_test\sdks\aax_sdk\libs\aaxlibrary\winbuild\vs2017\int\release\aaxlibrary\x64\aax_cuids.obj
c:\users\colton.desktop-l3d8i91\desktop\ci_cmake_test\sdks\aax_sdk\libs\aaxlibrary\winbuild\vs2017\int\release\aaxlibrary\x64\aax_ieffectdirectdata.obj
c:\users\colton.desktop-l3d8i91\desktop\ci_cmake_test\sdks\aax_sdk\libs\aaxlibrary\winbuild\vs2017\int\release\aaxlibrary\x64\aax_ieffectgui.obj
c:\users\colton.desktop-l3d8i91\desktop\ci_cmake_test\sdks\aax_sdk\libs\aaxlibrary\winbuild\vs2017\int\release\aaxlibrary\x64\aax_ieffectparameters.obj
c:\users\colton.desktop-l3d8i91\desktop\ci_cmake_test\sdks\aax_sdk\libs\aaxlibrary\winbuild\vs2017\int\release\aaxlibrary\x64\aax_ihostprocessor.obj
c:\users\colton.desktop-l3d8i91\desktop\ci_cmake_test\sdks\aax_sdk\libs\aaxlibrary\winbuild\vs2017\int\release\aaxlibrary\x64\aax_init.obj
c:\users\colton.desktop-l3d8i91\desktop\ci_cmake_test\sdks\aax_sdk\libs\aaxlibrary\winbuild\vs2017\int\release\aaxlibrary\x64\aax_properties.obj
c:\users\colton.desktop-l3d8i91\desktop\ci_cmake_test\sdks\aax_sdk\libs\aaxlibrary\winbuild\vs2017\int\release\aaxlibrary\x64\aax_sliderconversions.obj
c:\users\colton.desktop-l3d8i91\desktop\ci_cmake_test\sdks\aax_sdk\libs\aaxlibrary\winbuild\vs2017\int\release\aaxlibrary\x64\aax_vautomationdelegate.obj
c:\users\colton.desktop-l3d8i91\desktop\ci_cmake_test\sdks\aax_sdk\libs\aaxlibrary\winbuild\vs2017\int\release\aaxlibrary\x64\aax_vcollection.obj
c:\users\colton.desktop-l3d8i91\desktop\ci_cmake_test\sdks\aax_sdk\libs\aaxlibrary\winbuild\vs2017\int\release\aaxlibrary\x64\aax_vcomponentdescriptor.obj
c:\users\colton.desktop-l3d8i91\desktop\ci_cmake_test\sdks\aax_sdk\libs\aaxlibrary\winbuild\vs2017\int\release\aaxlibrary\x64\aax_vcontroller.obj
c:\users\colton.desktop-l3d8i91\desktop\ci_cmake_test\sdks\aax_sdk\libs\aaxlibrary\winbuild\vs2017\int\release\aaxlibrary\x64\aax_vdescriptionhost.obj
c:\users\colton.desktop-l3d8i91\desktop\ci_cmake_test\sdks\aax_sdk\libs\aaxlibrary\winbuild\vs2017\int\release\aaxlibrary\x64\aax_veffectdescriptor.obj
c:\users\colton.desktop-l3d8i91\desktop\ci_cmake_test\sdks\aax_sdk\libs\aaxlibrary\winbuild\vs2017\int\release\aaxlibrary\x64\aax_vfeatureinfo.obj
c:\users\colton.desktop-l3d8i91\desktop\ci_cmake_test\sdks\aax_sdk\libs\aaxlibrary\winbuild\vs2017\int\release\aaxlibrary\x64\aax_vhostprocessordelegate.obj
c:\users\colton.desktop-l3d8i91\desktop\ci_cmake_test\sdks\aax_sdk\libs\aaxlibrary\winbuild\vs2017\int\release\aaxlibrary\x64\aax_vhostservices.obj
c:\users\colton.desktop-l3d8i91\desktop\ci_cmake_test\sdks\aax_sdk\libs\aaxlibrary\winbuild\vs2017\int\release\aaxlibrary\x64\aax_vpagetable.obj
c:\users\colton.desktop-l3d8i91\desktop\ci_cmake_test\sdks\aax_sdk\libs\aaxlibrary\winbuild\vs2017\int\release\aaxlibrary\x64\aax_vprivatedataaccess.obj
c:\users\colton.desktop-l3d8i91\desktop\ci_cmake_test\sdks\aax_sdk\libs\aaxlibrary\winbuild\vs2017\int\release\aaxlibrary\x64\aax_vpropertymap.obj
c:\users\colton.desktop-l3d8i91\desktop\ci_cmake_test\sdks\aax_sdk\libs\aaxlibrary\winbuild\vs2017\int\release\aaxlibrary\x64\aax_vtransport.obj
c:\users\colton.desktop-l3d8i91\desktop\ci_cmake_test\sdks\aax_sdk\libs\aaxlibrary\winbuild\vs2017\int\release\aaxlibrary\x64\aax_vviewcontainer.obj
c:\users\colton.desktop-l3d8i91\desktop\ci_cmake_test\sdks\aax_sdk\libs\aaxlibrary\winbuild\vs2017\int\release\aaxlibrary\x64\cacfclassfactory.obj
c:\users\colton.desktop-l3d8i91\desktop\ci_cmake_test\sdks\aax_sdk\libs\aaxlibrary\winbuild\vs2017\int\release\aaxlibrary\x64\aaxlibrary.tlog\cl.command.1.tlog
