  AAX_CAutoreleasePool.Win.cpp
  AAX_CChunkDataParser.cpp
  AAX_CEffectDirectData.cpp
  AAX_CEffectGUI.cpp
  AAX_CEffectParameters.cpp
  AAX_CHostProcessor.cpp
  AAX_CHostServices.cpp
  AAX_CMutex.cpp
  AAX_CommonConversions.cpp
  AAX_CPacketDispatcher.cpp
  AAX_CParameter.cpp
  AAX_CParameterManager.cpp
  AAX_CString.cpp
  AAX_IEffectDirectData.cpp
  AAX_IEffectGUI.cpp
  AAX_IEffectParameters.cpp
  AAX_IHostProcessor.cpp
  AAX_Init.cpp
  AAX_Properties.cpp
  AAX_SliderConversions.cpp
  AAX_VAutomationDelegate.cpp
  AAX_VCollection.cpp
  AAX_VComponentDescriptor.cpp
  AAX_VController.cpp
  AAX_VDescriptionHost.cpp
  AAX_VEffectDescriptor.cpp
  AAX_VFeatureInfo.cpp
  AAX_VHostProcessorDelegate.cpp
  AAX_VHostServices.cpp
  AAX_VPageTable.cpp
  AAX_VPrivateDataAccess.cpp
  AAX_VPropertyMap.cpp
  AAX_VTransport.cpp
  AAX_VViewContainer.cpp
  AAX_CACFUnknown.cpp
  AAX_CUIDs.cpp
  CACFClassFactory.cpp
  AAXLibrary.vcxproj -> C:\Users\Colton.DESKTOP-L3D8I91\Desktop\CI_CMake_Test\SDKs\AAX_SDK\Libs\Debug\AAXLibrary_x64_D.lib
